C:\USERS\CROMA\DOCUMENTS\VISUAL STUDIO 2012\PROJECTS\CUCAM\CUCAM\DEBUG\MAIN.OBJ
C:\USERS\CROMA\DOCUMENTS\VISUAL STUDIO 2012\PROJECTS\CUCAM\CUCAM\DEBUG\MAINOLD.OBJ
C:\USERS\CROMA\DOCUMENTS\VISUAL STUDIO 2012\PROJECTS\CUCAM\CUCAM\DEBUG\SCREEN.OBJ
C:\USERS\CROMA\DOCUMENTS\VISUAL STUDIO 2012\PROJECTS\CUCAM\CUCAM\DEBUG\VC110.PDB
C:\Users\Croma\documents\visual studio 2012\Projects\cuCam\cuCam\Debug\kernel.cu.cache
C:\Users\Croma\documents\visual studio 2012\Projects\cuCam\cuCam\Debug\picKernels.cu.cache
C:\Users\Croma\documents\visual studio 2012\Projects\cuCam\cuCam\Debug\kernel.cu.obj
C:\Users\Croma\documents\visual studio 2012\Projects\cuCam\cuCam\Debug\main.obj
C:\Users\Croma\documents\visual studio 2012\Projects\cuCam\cuCam\Debug\mainOld.obj
C:\Users\Croma\documents\visual studio 2012\Projects\cuCam\cuCam\Debug\picKernels.cu.obj
C:\Users\Croma\documents\visual studio 2012\Projects\cuCam\cuCam\Debug\screen.obj
C:\Users\Croma\documents\visual studio 2012\Projects\cuCam\cuCam\Debug\cl.command.1.tlog
C:\Users\Croma\documents\visual studio 2012\Projects\cuCam\cuCam\Debug\CL.read.1.tlog
C:\Users\Croma\documents\visual studio 2012\Projects\cuCam\cuCam\Debug\CL.write.1.tlog
C:\Users\Croma\documents\visual studio 2012\Projects\cuCam\cuCam\Debug\link-cvtres.read.1.tlog
C:\Users\Croma\documents\visual studio 2012\Projects\cuCam\cuCam\Debug\link-cvtres.write.1.tlog
C:\Users\Croma\documents\visual studio 2012\Projects\cuCam\cuCam\Debug\link-rc.read.1.tlog
C:\Users\Croma\documents\visual studio 2012\Projects\cuCam\cuCam\Debug\link-rc.write.1.tlog
C:\Users\Croma\documents\visual studio 2012\Projects\cuCam\cuCam\Debug\link.command.1.tlog
C:\Users\Croma\documents\visual studio 2012\Projects\cuCam\cuCam\Debug\link.read.1.tlog
C:\Users\Croma\documents\visual studio 2012\Projects\cuCam\cuCam\Debug\link.write.1.tlog
C:\Users\Croma\documents\visual studio 2012\Projects\cuCam\cuCam\Debug\vc110.idb
C:\Users\Croma\documents\visual studio 2012\Projects\cuCam\cuCam\Debug\vc110.pdb
C:\Users\Croma\documents\visual studio 2012\Projects\cuCam\Debug\cuCam.pdb
