Build started 08-06-2014 22:03:24.
     1>Project "C:\Users\Croma\documents\visual studio 2012\Projects\cuCam\cuCam\cuCam.vcxproj" on node 2 (Build target(s)).
     1>ClCompile:
         C:\Program Files (x86)\Microsoft Visual Studio 11.0\VC\bin\CL.exe /c /I"C:\Program Files\NVIDIA GPU Computing Toolkit\CUDA\v6.0\include" /ZI /nologo /W3 /WX- /Od /Oy- /D WIN32 /D _DEBUG /D _CONSOLE /D _MBCS /Gm /EHsc /RTC1 /MDd /GS /fp:precise /Zc:wchar_t /Zc:forScope /Fo"Debug\\" /Fd"Debug\vc110.pdb" /Gd /TP /analyze- /errorReport:prompt screen.cpp
         screen.cpp
       Link:
         C:\Program Files (x86)\Microsoft Visual Studio 11.0\VC\bin\link.exe /ERRORREPORT:PROMPT /OUT:"C:\Users\Croma\documents\visual studio 2012\Projects\cuCam\Debug\cuCam.exe" /INCREMENTAL /NOLOGO /LIBPATH:"C:\Program Files\NVIDIA GPU Computing Toolkit\CUDA\v6.0\lib\Win32" SDL2.lib SDL2main.lib opencv_core249d.lib opencv_imgproc249d.lib opencv_highgui249d.lib cudart.lib kernel32.lib user32.lib gdi32.lib winspool.lib comdlg32.lib advapi32.lib shell32.lib ole32.lib oleaut32.lib uuid.lib odbc32.lib odbccp32.lib kernel32.lib user32.lib gdi32.lib winspool.lib comdlg32.lib advapi32.lib shell32.lib ole32.lib oleaut32.lib uuid.lib odbc32.lib odbccp32.lib /MANIFEST /MANIFESTUAC:"level='asInvoker' uiAccess='false'" /manifest:embed /DEBUG /PDB:"C:\Users\Croma\documents\visual studio 2012\Projects\cuCam\Debug\cuCam.pdb" /SUBSYSTEM:CONSOLE /TLBID:1 /DYNAMICBASE /NXCOMPAT /IMPLIB:"C:\Users\Croma\documents\visual studio 2012\Projects\cuCam\Debug\cuCam.lib" /MACHINE:X86 Debug\kernels.cu.obj
         Debug\main.obj
         Debug\screen.obj
         cuCam.vcxproj -> C:\Users\Croma\documents\visual studio 2012\Projects\cuCam\Debug\cuCam.exe
       PostBuildEvent:
         echo copy "C:\Program Files\NVIDIA GPU Computing Toolkit\CUDA\v6.0\bin\cudart*.dll" "C:\Users\Croma\documents\visual studio 2012\Projects\cuCam\Debug\"
         copy "C:\Program Files\NVIDIA GPU Computing Toolkit\CUDA\v6.0\bin\cudart*.dll" "C:\Users\Croma\documents\visual studio 2012\Projects\cuCam\Debug\"
         :VCEnd
         copy "C:\Program Files\NVIDIA GPU Computing Toolkit\CUDA\v6.0\bin\cudart*.dll" "C:\Users\Croma\documents\visual studio 2012\Projects\cuCam\Debug\"
         C:\Program Files\NVIDIA GPU Computing Toolkit\CUDA\v6.0\bin\cudart32_60.dll
         C:\Program Files\NVIDIA GPU Computing Toolkit\CUDA\v6.0\bin\cudart64_60.dll
                 2 file(s) copied.
     1>Done Building Project "C:\Users\Croma\documents\visual studio 2012\Projects\cuCam\cuCam\cuCam.vcxproj" (Build target(s)).

Build succeeded.

Time Elapsed 00:00:05.22
